# This is the default name rotation configuration.  On Linux or BSD,
# you should copy this to ~/.quetoo/default and edit it there.

{
	name edge
}
{
	name tokays
}
{
	name fragpipe
}
{
	name hallways
}
{
	name pits
}
{
	name lavatomb
}
{
	name slimyplace
}
{
	name warehouse
}
{
	name aerowalk
}
{
	name badplace
}
{
	name chthon
}
{
	name claustrophobopolis
}
{
	name darkzone
}
#{
#	name fractures
#}
{
	name fraggin
}
#{
#	name grunt
#}
#{
#	name gym
#}
#{
#	name gehenna
#}
#{
#	name lilith
#}
{
	name longyard
}
{
	name omf
}
{
	name rage
}
{
	name torn
}
#{
#	name turbo
#}
#{
#	name trial
#}
#{
#	name wake
#}
# End of file
